nohup: ignoring input
/home/sjhbxs/anaconda3/lib/python3.6/site-packages/h5py/__init__.py:36: FutureWarning: Conversion of the second argument of issubdtype from `float` to `np.floating` is deprecated. In future, it will be treated as `np.float64 == np.dtype(float).type`.
  from ._conv import register_converters as _register_converters
###########################################################
SparseTensor(indices=Tensor("BLSTM/Placeholder_2:0", shape=(?, ?), dtype=int64), values=Tensor("BLSTM/Placeholder_1:0", shape=(?,), dtype=int32), dense_shape=Tensor("BLSTM/Placeholder:0", shape=(?,), dtype=int64))
Tensor("transpose:0", shape=(?, ?, 102), dtype=float32)
Tensor("BLSTM/Placeholder_3:0", shape=(?,), dtype=int32)
loading train data, please wait--------------------- end= 
get image:  544534
loading validation data, please wait--------------------- end= 
get image:  486
2018-04-27 04:28:03.004127: W tensorflow/core/platform/cpu_feature_guard.cc:45] The TensorFlow library wasn't compiled to use SSE4.1 instructions, but these are available on your machine and could speed up CPU computations.
2018-04-27 04:28:03.004174: W tensorflow/core/platform/cpu_feature_guard.cc:45] The TensorFlow library wasn't compiled to use SSE4.2 instructions, but these are available on your machine and could speed up CPU computations.
2018-04-27 04:28:03.004182: W tensorflow/core/platform/cpu_feature_guard.cc:45] The TensorFlow library wasn't compiled to use AVX instructions, but these are available on your machine and could speed up CPU computations.
2018-04-27 04:28:03.111402: I tensorflow/stream_executor/cuda/cuda_gpu_executor.cc:893] successful NUMA node read from SysFS had negative value (-1), but there must be at least one NUMA node, so returning NUMA node zero
2018-04-27 04:28:03.111789: I tensorflow/core/common_runtime/gpu/gpu_device.cc:940] Found device 0 with properties: 
name: Tesla K80
major: 3 minor: 7 memoryClockRate (GHz) 0.8235
pciBusID 0000:00:04.0
Total memory: 11.17GiB
Free memory: 11.09GiB
2018-04-27 04:28:03.111817: I tensorflow/core/common_runtime/gpu/gpu_device.cc:961] DMA: 0 
2018-04-27 04:28:03.111826: I tensorflow/core/common_runtime/gpu/gpu_device.cc:971] 0:   Y 
2018-04-27 04:28:03.111841: I tensorflow/core/common_runtime/gpu/gpu_device.cc:1030] Creating TensorFlow device (/gpu:0) -> (device: 0, name: Tesla K80, pci bus id: 0000:00:04.0)
restore is true
2018-04-27 04:28:05.212884: W tensorflow/core/framework/op_kernel.cc:1158] Invalid argument: Assign requires shapes of both tensors to match. lhs shape= [512,102] rhs shape= [512,64]
	 [[Node: save/Assign_66 = Assign[T=DT_FLOAT, _class=["loc:@W"], use_locking=true, validate_shape=true, _device="/job:localhost/replica:0/task:0/gpu:0"](W/Momentum, save/RestoreV2_66/_7)]]
2018-04-27 04:28:05.213047: W tensorflow/core/framework/op_kernel.cc:1158] Invalid argument: Assign requires shapes of both tensors to match. lhs shape= [512,102] rhs shape= [512,64]
	 [[Node: save/Assign_66 = Assign[T=DT_FLOAT, _class=["loc:@W"], use_locking=true, validate_shape=true, _device="/job:localhost/replica:0/task:0/gpu:0"](W/Momentum, save/RestoreV2_66/_7)]]
2018-04-27 04:28:05.214855: W tensorflow/core/framework/op_kernel.cc:1158] Invalid argument: Assign requires shapes of both tensors to match. lhs shape= [512,102] rhs shape= [512,64]
	 [[Node: save/Assign_66 = Assign[T=DT_FLOAT, _class=["loc:@W"], use_locking=true, validate_shape=true, _device="/job:localhost/replica:0/task:0/gpu:0"](W/Momentum, save/RestoreV2_66/_7)]]
2018-04-27 04:28:05.215305: W tensorflow/core/framework/op_kernel.cc:1158] Invalid argument: Assign requires shapes of both tensors to match. lhs shape= [512,102] rhs shape= [512,64]
	 [[Node: save/Assign_66 = Assign[T=DT_FLOAT, _class=["loc:@W"], use_locking=true, validate_shape=true, _device="/job:localhost/replica:0/task:0/gpu:0"](W/Momentum, save/RestoreV2_66/_7)]]
2018-04-27 04:28:05.217129: W tensorflow/core/framework/op_kernel.cc:1158] Invalid argument: Assign requires shapes of both tensors to match. lhs shape= [512,102] rhs shape= [512,64]
	 [[Node: save/Assign_66 = Assign[T=DT_FLOAT, _class=["loc:@W"], use_locking=true, validate_shape=true, _device="/job:localhost/replica:0/task:0/gpu:0"](W/Momentum, save/RestoreV2_66/_7)]]
2018-04-27 04:28:05.217562: W tensorflow/core/framework/op_kernel.cc:1158] Invalid argument: Assign requires shapes of both tensors to match. lhs shape= [512,102] rhs shape= [512,64]
	 [[Node: save/Assign_66 = Assign[T=DT_FLOAT, _class=["loc:@W"], use_locking=true, validate_shape=true, _device="/job:localhost/replica:0/task:0/gpu:0"](W/Momentum, save/RestoreV2_66/_7)]]
2018-04-27 04:28:05.217988: W tensorflow/core/framework/op_kernel.cc:1158] Invalid argument: Assign requires shapes of both tensors to match. lhs shape= [512,102] rhs shape= [512,64]
	 [[Node: save/Assign_66 = Assign[T=DT_FLOAT, _class=["loc:@W"], use_locking=true, validate_shape=true, _device="/job:localhost/replica:0/task:0/gpu:0"](W/Momentum, save/RestoreV2_66/_7)]]
2018-04-27 04:28:05.218235: W tensorflow/core/framework/op_kernel.cc:1158] Invalid argument: Assign requires shapes of both tensors to match. lhs shape= [512,102] rhs shape= [512,64]
	 [[Node: save/Assign_66 = Assign[T=DT_FLOAT, _class=["loc:@W"], use_locking=true, validate_shape=true, _device="/job:localhost/replica:0/task:0/gpu:0"](W/Momentum, save/RestoreV2_66/_7)]]
2018-04-27 04:28:05.218640: W tensorflow/core/framework/op_kernel.cc:1158] Invalid argument: Assign requires shapes of both tensors to match. lhs shape= [512,102] rhs shape= [512,64]
	 [[Node: save/Assign_66 = Assign[T=DT_FLOAT, _class=["loc:@W"], use_locking=true, validate_shape=true, _device="/job:localhost/replica:0/task:0/gpu:0"](W/Momentum, save/RestoreV2_66/_7)]]
2018-04-27 04:28:05.219028: W tensorflow/core/framework/op_kernel.cc:1158] Invalid argument: Assign requires shapes of both tensors to match. lhs shape= [512,102] rhs shape= [512,64]
	 [[Node: save/Assign_66 = Assign[T=DT_FLOAT, _class=["loc:@W"], use_locking=true, validate_shape=true, _device="/job:localhost/replica:0/task:0/gpu:0"](W/Momentum, save/RestoreV2_66/_7)]]
2018-04-27 04:28:05.219831: W tensorflow/core/framework/op_kernel.cc:1158] Invalid argument: Assign requires shapes of both tensors to match. lhs shape= [512,102] rhs shape= [512,64]
	 [[Node: save/Assign_66 = Assign[T=DT_FLOAT, _class=["loc:@W"], use_locking=true, validate_shape=true, _device="/job:localhost/replica:0/task:0/gpu:0"](W/Momentum, save/RestoreV2_66/_7)]]
2018-04-27 04:28:05.219874: W tensorflow/core/framework/op_kernel.cc:1158] Invalid argument: Assign requires shapes of both tensors to match. lhs shape= [512,102] rhs shape= [512,64]
	 [[Node: save/Assign_66 = Assign[T=DT_FLOAT, _class=["loc:@W"], use_locking=true, validate_shape=true, _device="/job:localhost/replica:0/task:0/gpu:0"](W/Momentum, save/RestoreV2_66/_7)]]
2018-04-27 04:28:05.220524: W tensorflow/core/framework/op_kernel.cc:1158] Invalid argument: Assign requires shapes of both tensors to match. lhs shape= [512,102] rhs shape= [512,64]
	 [[Node: save/Assign_66 = Assign[T=DT_FLOAT, _class=["loc:@W"], use_locking=true, validate_shape=true, _device="/job:localhost/replica:0/task:0/gpu:0"](W/Momentum, save/RestoreV2_66/_7)]]
2018-04-27 04:28:05.220931: W tensorflow/core/framework/op_kernel.cc:1158] Invalid argument: Assign requires shapes of both tensors to match. lhs shape= [512,102] rhs shape= [512,64]
	 [[Node: save/Assign_66 = Assign[T=DT_FLOAT, _class=["loc:@W"], use_locking=true, validate_shape=true, _device="/job:localhost/replica:0/task:0/gpu:0"](W/Momentum, save/RestoreV2_66/_7)]]
2018-04-27 04:28:05.221226: W tensorflow/core/framework/op_kernel.cc:1158] Invalid argument: Assign requires shapes of both tensors to match. lhs shape= [512,102] rhs shape= [512,64]
	 [[Node: save/Assign_66 = Assign[T=DT_FLOAT, _class=["loc:@W"], use_locking=true, validate_shape=true, _device="/job:localhost/replica:0/task:0/gpu:0"](W/Momentum, save/RestoreV2_66/_7)]]
2018-04-27 04:28:05.221260: W tensorflow/core/framework/op_kernel.cc:1158] Invalid argument: Assign requires shapes of both tensors to match. lhs shape= [512,102] rhs shape= [512,64]
	 [[Node: save/Assign_66 = Assign[T=DT_FLOAT, _class=["loc:@W"], use_locking=true, validate_shape=true, _device="/job:localhost/replica:0/task:0/gpu:0"](W/Momentum, save/RestoreV2_66/_7)]]
2018-04-27 04:28:05.221341: W tensorflow/core/framework/op_kernel.cc:1158] Invalid argument: Assign requires shapes of both tensors to match. lhs shape= [512,102] rhs shape= [512,64]
	 [[Node: save/Assign_66 = Assign[T=DT_FLOAT, _class=["loc:@W"], use_locking=true, validate_shape=true, _device="/job:localhost/replica:0/task:0/gpu:0"](W/Momentum, save/RestoreV2_66/_7)]]
2018-04-27 04:28:05.221862: W tensorflow/core/framework/op_kernel.cc:1158] Invalid argument: Assign requires shapes of both tensors to match. lhs shape= [512,102] rhs shape= [512,64]
	 [[Node: save/Assign_66 = Assign[T=DT_FLOAT, _class=["loc:@W"], use_locking=true, validate_shape=true, _device="/job:localhost/replica:0/task:0/gpu:0"](W/Momentum, save/RestoreV2_66/_7)]]
2018-04-27 04:28:05.222837: W tensorflow/core/framework/op_kernel.cc:1158] Invalid argument: Assign requires shapes of both tensors to match. lhs shape= [512,102] rhs shape= [512,64]
	 [[Node: save/Assign_66 = Assign[T=DT_FLOAT, _class=["loc:@W"], use_locking=true, validate_shape=true, _device="/job:localhost/replica:0/task:0/gpu:0"](W/Momentum, save/RestoreV2_66/_7)]]
2018-04-27 04:28:05.223607: W tensorflow/core/framework/op_kernel.cc:1158] Invalid argument: Assign requires shapes of both tensors to match. lhs shape= [512,102] rhs shape= [512,64]
	 [[Node: save/Assign_66 = Assign[T=DT_FLOAT, _class=["loc:@W"], use_locking=true, validate_shape=true, _device="/job:localhost/replica:0/task:0/gpu:0"](W/Momentum, save/RestoreV2_66/_7)]]
2018-04-27 04:28:05.223767: W tensorflow/core/framework/op_kernel.cc:1158] Invalid argument: Assign requires shapes of both tensors to match. lhs shape= [512,102] rhs shape= [512,64]
	 [[Node: save/Assign_66 = Assign[T=DT_FLOAT, _class=["loc:@W"], use_locking=true, validate_shape=true, _device="/job:localhost/replica:0/task:0/gpu:0"](W/Momentum, save/RestoreV2_66/_7)]]
2018-04-27 04:28:05.224461: W tensorflow/core/framework/op_kernel.cc:1158] Invalid argument: Assign requires shapes of both tensors to match. lhs shape= [512,102] rhs shape= [512,64]
	 [[Node: save/Assign_66 = Assign[T=DT_FLOAT, _class=["loc:@W"], use_locking=true, validate_shape=true, _device="/job:localhost/replica:0/task:0/gpu:0"](W/Momentum, save/RestoreV2_66/_7)]]
2018-04-27 04:28:05.224613: W tensorflow/core/framework/op_kernel.cc:1158] Invalid argument: Assign requires shapes of both tensors to match. lhs shape= [512,102] rhs shape= [512,64]
	 [[Node: save/Assign_66 = Assign[T=DT_FLOAT, _class=["loc:@W"], use_locking=true, validate_shape=true, _device="/job:localhost/replica:0/task:0/gpu:0"](W/Momentum, save/RestoreV2_66/_7)]]
2018-04-27 04:28:05.225646: W tensorflow/core/framework/op_kernel.cc:1158] Invalid argument: Assign requires shapes of both tensors to match. lhs shape= [512,102] rhs shape= [512,64]
	 [[Node: save/Assign_66 = Assign[T=DT_FLOAT, _class=["loc:@W"], use_locking=true, validate_shape=true, _device="/job:localhost/replica:0/task:0/gpu:0"](W/Momentum, save/RestoreV2_66/_7)]]
2018-04-27 04:28:05.225749: W tensorflow/core/framework/op_kernel.cc:1158] Invalid argument: Assign requires shapes of both tensors to match. lhs shape= [512,102] rhs shape= [512,64]
	 [[Node: save/Assign_66 = Assign[T=DT_FLOAT, _class=["loc:@W"], use_locking=true, validate_shape=true, _device="/job:localhost/replica:0/task:0/gpu:0"](W/Momentum, save/RestoreV2_66/_7)]]
2018-04-27 04:28:05.225843: W tensorflow/core/framework/op_kernel.cc:1158] Invalid argument: Assign requires shapes of both tensors to match. lhs shape= [512,102] rhs shape= [512,64]
	 [[Node: save/Assign_66 = Assign[T=DT_FLOAT, _class=["loc:@W"], use_locking=true, validate_shape=true, _device="/job:localhost/replica:0/task:0/gpu:0"](W/Momentum, save/RestoreV2_66/_7)]]
2018-04-27 04:28:05.226568: W tensorflow/core/framework/op_kernel.cc:1158] Invalid argument: Assign requires shapes of both tensors to match. lhs shape= [512,102] rhs shape= [512,64]
	 [[Node: save/Assign_66 = Assign[T=DT_FLOAT, _class=["loc:@W"], use_locking=true, validate_shape=true, _device="/job:localhost/replica:0/task:0/gpu:0"](W/Momentum, save/RestoreV2_66/_7)]]
2018-04-27 04:28:05.226695: W tensorflow/core/framework/op_kernel.cc:1158] Invalid argument: Assign requires shapes of both tensors to match. lhs shape= [512,102] rhs shape= [512,64]
	 [[Node: save/Assign_66 = Assign[T=DT_FLOAT, _class=["loc:@W"], use_locking=true, validate_shape=true, _device="/job:localhost/replica:0/task:0/gpu:0"](W/Momentum, save/RestoreV2_66/_7)]]
2018-04-27 04:28:05.226861: W tensorflow/core/framework/op_kernel.cc:1158] Invalid argument: Assign requires shapes of both tensors to match. lhs shape= [512,102] rhs shape= [512,64]
	 [[Node: save/Assign_66 = Assign[T=DT_FLOAT, _class=["loc:@W"], use_locking=true, validate_shape=true, _device="/job:localhost/replica:0/task:0/gpu:0"](W/Momentum, save/RestoreV2_66/_7)]]
2018-04-27 04:28:05.227172: W tensorflow/core/framework/op_kernel.cc:1158] Invalid argument: Assign requires shapes of both tensors to match. lhs shape= [512,102] rhs shape= [512,64]
	 [[Node: save/Assign_66 = Assign[T=DT_FLOAT, _class=["loc:@W"], use_locking=true, validate_shape=true, _device="/job:localhost/replica:0/task:0/gpu:0"](W/Momentum, save/RestoreV2_66/_7)]]
2018-04-27 04:28:05.227567: W tensorflow/core/framework/op_kernel.cc:1158] Invalid argument: Assign requires shapes of both tensors to match. lhs shape= [512,102] rhs shape= [512,64]
	 [[Node: save/Assign_66 = Assign[T=DT_FLOAT, _class=["loc:@W"], use_locking=true, validate_shape=true, _device="/job:localhost/replica:0/task:0/gpu:0"](W/Momentum, save/RestoreV2_66/_7)]]
2018-04-27 04:28:05.227884: W tensorflow/core/framework/op_kernel.cc:1158] Invalid argument: Assign requires shapes of both tensors to match. lhs shape= [512,102] rhs shape= [512,64]
	 [[Node: save/Assign_66 = Assign[T=DT_FLOAT, _class=["loc:@W"], use_locking=true, validate_shape=true, _device="/job:localhost/replica:0/task:0/gpu:0"](W/Momentum, save/RestoreV2_66/_7)]]
2018-04-27 04:28:05.228787: W tensorflow/core/framework/op_kernel.cc:1158] Invalid argument: Assign requires shapes of both tensors to match. lhs shape= [512,102] rhs shape= [512,64]
	 [[Node: save/Assign_66 = Assign[T=DT_FLOAT, _class=["loc:@W"], use_locking=true, validate_shape=true, _device="/job:localhost/replica:0/task:0/gpu:0"](W/Momentum, save/RestoreV2_66/_7)]]
2018-04-27 04:28:05.228801: W tensorflow/core/framework/op_kernel.cc:1158] Invalid argument: Assign requires shapes of both tensors to match. lhs shape= [512,102] rhs shape= [512,64]
	 [[Node: save/Assign_66 = Assign[T=DT_FLOAT, _class=["loc:@W"], use_locking=true, validate_shape=true, _device="/job:localhost/replica:0/task:0/gpu:0"](W/Momentum, save/RestoreV2_66/_7)]]
2018-04-27 04:28:05.228897: W tensorflow/core/framework/op_kernel.cc:1158] Invalid argument: Assign requires shapes of both tensors to match. lhs shape= [512,102] rhs shape= [512,64]
	 [[Node: save/Assign_66 = Assign[T=DT_FLOAT, _class=["loc:@W"], use_locking=true, validate_shape=true, _device="/job:localhost/replica:0/task:0/gpu:0"](W/Momentum, save/RestoreV2_66/_7)]]
2018-04-27 04:28:05.229076: W tensorflow/core/framework/op_kernel.cc:1158] Invalid argument: Assign requires shapes of both tensors to match. lhs shape= [512,102] rhs shape= [512,64]
	 [[Node: save/Assign_66 = Assign[T=DT_FLOAT, _class=["loc:@W"], use_locking=true, validate_shape=true, _device="/job:localhost/replica:0/task:0/gpu:0"](W/Momentum, save/RestoreV2_66/_7)]]
2018-04-27 04:28:05.229298: W tensorflow/core/framework/op_kernel.cc:1158] Invalid argument: Assign requires shapes of both tensors to match. lhs shape= [512,102] rhs shape= [512,64]
	 [[Node: save/Assign_66 = Assign[T=DT_FLOAT, _class=["loc:@W"], use_locking=true, validate_shape=true, _device="/job:localhost/replica:0/task:0/gpu:0"](W/Momentum, save/RestoreV2_66/_7)]]
2018-04-27 04:28:05.229888: W tensorflow/core/framework/op_kernel.cc:1158] Invalid argument: Assign requires shapes of both tensors to match. lhs shape= [512,102] rhs shape= [512,64]
	 [[Node: save/Assign_66 = Assign[T=DT_FLOAT, _class=["loc:@W"], use_locking=true, validate_shape=true, _device="/job:localhost/replica:0/task:0/gpu:0"](W/Momentum, save/RestoreV2_66/_7)]]
2018-04-27 04:28:05.230124: W tensorflow/core/framework/op_kernel.cc:1158] Invalid argument: Assign requires shapes of both tensors to match. lhs shape= [512,102] rhs shape= [512,64]
	 [[Node: save/Assign_66 = Assign[T=DT_FLOAT, _class=["loc:@W"], use_locking=true, validate_shape=true, _device="/job:localhost/replica:0/task:0/gpu:0"](W/Momentum, save/RestoreV2_66/_7)]]
2018-04-27 04:28:05.230662: W tensorflow/core/framework/op_kernel.cc:1158] Invalid argument: Assign requires shapes of both tensors to match. lhs shape= [512,102] rhs shape= [512,64]
	 [[Node: save/Assign_66 = Assign[T=DT_FLOAT, _class=["loc:@W"], use_locking=true, validate_shape=true, _device="/job:localhost/replica:0/task:0/gpu:0"](W/Momentum, save/RestoreV2_66/_7)]]
2018-04-27 04:28:05.231057: W tensorflow/core/framework/op_kernel.cc:1158] Invalid argument: Assign requires shapes of both tensors to match. lhs shape= [512,102] rhs shape= [512,64]
	 [[Node: save/Assign_66 = Assign[T=DT_FLOAT, _class=["loc:@W"], use_locking=true, validate_shape=true, _device="/job:localhost/replica:0/task:0/gpu:0"](W/Momentum, save/RestoreV2_66/_7)]]
2018-04-27 04:28:05.231375: W tensorflow/core/framework/op_kernel.cc:1158] Invalid argument: Assign requires shapes of both tensors to match. lhs shape= [512,102] rhs shape= [512,64]
	 [[Node: save/Assign_66 = Assign[T=DT_FLOAT, _class=["loc:@W"], use_locking=true, validate_shape=true, _device="/job:localhost/replica:0/task:0/gpu:0"](W/Momentum, save/RestoreV2_66/_7)]]
2018-04-27 04:28:05.232307: W tensorflow/core/framework/op_kernel.cc:1158] Invalid argument: Assign requires shapes of both tensors to match. lhs shape= [512,102] rhs shape= [512,64]
	 [[Node: save/Assign_66 = Assign[T=DT_FLOAT, _class=["loc:@W"], use_locking=true, validate_shape=true, _device="/job:localhost/replica:0/task:0/gpu:0"](W/Momentum, save/RestoreV2_66/_7)]]
2018-04-27 04:28:05.232726: W tensorflow/core/framework/op_kernel.cc:1158] Invalid argument: Assign requires shapes of both tensors to match. lhs shape= [512,102] rhs shape= [512,64]
	 [[Node: save/Assign_66 = Assign[T=DT_FLOAT, _class=["loc:@W"], use_locking=true, validate_shape=true, _device="/job:localhost/replica:0/task:0/gpu:0"](W/Momentum, save/RestoreV2_66/_7)]]
2018-04-27 04:28:05.233026: W tensorflow/core/framework/op_kernel.cc:1158] Invalid argument: Assign requires shapes of both tensors to match. lhs shape= [512,102] rhs shape= [512,64]
	 [[Node: save/Assign_66 = Assign[T=DT_FLOAT, _class=["loc:@W"], use_locking=true, validate_shape=true, _device="/job:localhost/replica:0/task:0/gpu:0"](W/Momentum, save/RestoreV2_66/_7)]]
2018-04-27 04:28:05.233164: W tensorflow/core/framework/op_kernel.cc:1158] Invalid argument: Assign requires shapes of both tensors to match. lhs shape= [512,102] rhs shape= [512,64]
	 [[Node: save/Assign_66 = Assign[T=DT_FLOAT, _class=["loc:@W"], use_locking=true, validate_shape=true, _device="/job:localhost/replica:0/task:0/gpu:0"](W/Momentum, save/RestoreV2_66/_7)]]
2018-04-27 04:28:05.233323: W tensorflow/core/framework/op_kernel.cc:1158] Invalid argument: Assign requires shapes of both tensors to match. lhs shape= [512,102] rhs shape= [512,64]
	 [[Node: save/Assign_66 = Assign[T=DT_FLOAT, _class=["loc:@W"], use_locking=true, validate_shape=true, _device="/job:localhost/replica:0/task:0/gpu:0"](W/Momentum, save/RestoreV2_66/_7)]]
2018-04-27 04:28:05.234869: W tensorflow/core/framework/op_kernel.cc:1158] Invalid argument: Assign requires shapes of both tensors to match. lhs shape= [512,102] rhs shape= [512,64]
	 [[Node: save/Assign_66 = Assign[T=DT_FLOAT, _class=["loc:@W"], use_locking=true, validate_shape=true, _device="/job:localhost/replica:0/task:0/gpu:0"](W/Momentum, save/RestoreV2_66/_7)]]
2018-04-27 04:28:05.235029: W tensorflow/core/framework/op_kernel.cc:1158] Invalid argument: Assign requires shapes of both tensors to match. lhs shape= [512,102] rhs shape= [512,64]
	 [[Node: save/Assign_66 = Assign[T=DT_FLOAT, _class=["loc:@W"], use_locking=true, validate_shape=true, _device="/job:localhost/replica:0/task:0/gpu:0"](W/Momentum, save/RestoreV2_66/_7)]]
2018-04-27 04:28:05.235093: W tensorflow/core/framework/op_kernel.cc:1158] Invalid argument: Assign requires shapes of both tensors to match. lhs shape= [512,102] rhs shape= [512,64]
	 [[Node: save/Assign_66 = Assign[T=DT_FLOAT, _class=["loc:@W"], use_locking=true, validate_shape=true, _device="/job:localhost/replica:0/task:0/gpu:0"](W/Momentum, save/RestoreV2_66/_7)]]
2018-04-27 04:28:05.235602: W tensorflow/core/framework/op_kernel.cc:1158] Invalid argument: Assign requires shapes of both tensors to match. lhs shape= [512,102] rhs shape= [512,64]
	 [[Node: save/Assign_66 = Assign[T=DT_FLOAT, _class=["loc:@W"], use_locking=true, validate_shape=true, _device="/job:localhost/replica:0/task:0/gpu:0"](W/Momentum, save/RestoreV2_66/_7)]]
2018-04-27 04:28:05.236201: W tensorflow/core/framework/op_kernel.cc:1158] Invalid argument: Assign requires shapes of both tensors to match. lhs shape= [512,102] rhs shape= [512,64]
	 [[Node: save/Assign_66 = Assign[T=DT_FLOAT, _class=["loc:@W"], use_locking=true, validate_shape=true, _device="/job:localhost/replica:0/task:0/gpu:0"](W/Momentum, save/RestoreV2_66/_7)]]
2018-04-27 04:28:05.236810: W tensorflow/core/framework/op_kernel.cc:1158] Invalid argument: Assign requires shapes of both tensors to match. lhs shape= [512,102] rhs shape= [512,64]
	 [[Node: save/Assign_66 = Assign[T=DT_FLOAT, _class=["loc:@W"], use_locking=true, validate_shape=true, _device="/job:localhost/replica:0/task:0/gpu:0"](W/Momentum, save/RestoreV2_66/_7)]]
2018-04-27 04:28:05.237951: W tensorflow/core/framework/op_kernel.cc:1158] Invalid argument: Assign requires shapes of both tensors to match. lhs shape= [512,102] rhs shape= [512,64]
	 [[Node: save/Assign_66 = Assign[T=DT_FLOAT, _class=["loc:@W"], use_locking=true, validate_shape=true, _device="/job:localhost/replica:0/task:0/gpu:0"](W/Momentum, save/RestoreV2_66/_7)]]
2018-04-27 04:28:05.239337: W tensorflow/core/framework/op_kernel.cc:1158] Invalid argument: Assign requires shapes of both tensors to match. lhs shape= [512,102] rhs shape= [512,64]
	 [[Node: save/Assign_66 = Assign[T=DT_FLOAT, _class=["loc:@W"], use_locking=true, validate_shape=true, _device="/job:localhost/replica:0/task:0/gpu:0"](W/Momentum, save/RestoreV2_66/_7)]]
2018-04-27 04:28:05.244607: W tensorflow/core/framework/op_kernel.cc:1158] Invalid argument: Assign requires shapes of both tensors to match. lhs shape= [512,102] rhs shape= [512,64]
	 [[Node: save/Assign_66 = Assign[T=DT_FLOAT, _class=["loc:@W"], use_locking=true, validate_shape=true, _device="/job:localhost/replica:0/task:0/gpu:0"](W/Momentum, save/RestoreV2_66/_7)]]
2018-04-27 04:28:05.260244: W tensorflow/core/framework/op_kernel.cc:1158] Invalid argument: Assign requires shapes of both tensors to match. lhs shape= [512,102] rhs shape= [512,64]
	 [[Node: save/Assign_66 = Assign[T=DT_FLOAT, _class=["loc:@W"], use_locking=true, validate_shape=true, _device="/job:localhost/replica:0/task:0/gpu:0"](W/Momentum, save/RestoreV2_66/_7)]]
2018-04-27 04:28:05.260244: W tensorflow/core/framework/op_kernel.cc:1158] Invalid argument: Assign requires shapes of both tensors to match. lhs shape= [512,102] rhs shape= [512,64]
	 [[Node: save/Assign_66 = Assign[T=DT_FLOAT, _class=["loc:@W"], use_locking=true, validate_shape=true, _device="/job:localhost/replica:0/task:0/gpu:0"](W/Momentum, save/RestoreV2_66/_7)]]
2018-04-27 04:28:05.260299: W tensorflow/core/framework/op_kernel.cc:1158] Invalid argument: Assign requires shapes of both tensors to match. lhs shape= [512,102] rhs shape= [512,64]
	 [[Node: save/Assign_66 = Assign[T=DT_FLOAT, _class=["loc:@W"], use_locking=true, validate_shape=true, _device="/job:localhost/replica:0/task:0/gpu:0"](W/Momentum, save/RestoreV2_66/_7)]]
2018-04-27 04:28:05.270431: W tensorflow/core/framework/op_kernel.cc:1158] Invalid argument: Assign requires shapes of both tensors to match. lhs shape= [512,102] rhs shape= [512,64]
	 [[Node: save/Assign_66 = Assign[T=DT_FLOAT, _class=["loc:@W"], use_locking=true, validate_shape=true, _device="/job:localhost/replica:0/task:0/gpu:0"](W/Momentum, save/RestoreV2_66/_7)]]
Traceback (most recent call last):
  File "/home/sjhbxs/anaconda3/lib/python3.6/site-packages/tensorflow/python/client/session.py", line 1139, in _do_call
    return fn(*args)
  File "/home/sjhbxs/anaconda3/lib/python3.6/site-packages/tensorflow/python/client/session.py", line 1121, in _run_fn
    status, run_metadata)
  File "/home/sjhbxs/anaconda3/lib/python3.6/contextlib.py", line 88, in __exit__
    next(self.gen)
  File "/home/sjhbxs/anaconda3/lib/python3.6/site-packages/tensorflow/python/framework/errors_impl.py", line 466, in raise_exception_on_not_ok_status
    pywrap_tensorflow.TF_GetCode(status))
tensorflow.python.framework.errors_impl.InvalidArgumentError: Assign requires shapes of both tensors to match. lhs shape= [512,102] rhs shape= [512,64]
	 [[Node: save/Assign_66 = Assign[T=DT_FLOAT, _class=["loc:@W"], use_locking=true, validate_shape=true, _device="/job:localhost/replica:0/task:0/gpu:0"](W/Momentum, save/RestoreV2_66/_7)]]

During handling of the above exception, another exception occurred:

Traceback (most recent call last):
  File "train.py", line 101, in <module>
    train(train_dir='../train_data/train_data', val_dir='../train_data/test_train_data_small', train_text_dir='../train_data/train_words_gt.txt',val_text_dir='../train_data/val_words_gt.txt')
  File "train.py", line 41, in train
    saver.restore(sess,ckpt)
  File "/home/sjhbxs/anaconda3/lib/python3.6/site-packages/tensorflow/python/training/saver.py", line 1548, in restore
    {self.saver_def.filename_tensor_name: save_path})
  File "/home/sjhbxs/anaconda3/lib/python3.6/site-packages/tensorflow/python/client/session.py", line 789, in run
    run_metadata_ptr)
  File "/home/sjhbxs/anaconda3/lib/python3.6/site-packages/tensorflow/python/client/session.py", line 997, in _run
    feed_dict_string, options, run_metadata)
  File "/home/sjhbxs/anaconda3/lib/python3.6/site-packages/tensorflow/python/client/session.py", line 1132, in _do_run
    target_list, options, run_metadata)
  File "/home/sjhbxs/anaconda3/lib/python3.6/site-packages/tensorflow/python/client/session.py", line 1152, in _do_call
    raise type(e)(node_def, op, message)
tensorflow.python.framework.errors_impl.InvalidArgumentError: Assign requires shapes of both tensors to match. lhs shape= [512,102] rhs shape= [512,64]
	 [[Node: save/Assign_66 = Assign[T=DT_FLOAT, _class=["loc:@W"], use_locking=true, validate_shape=true, _device="/job:localhost/replica:0/task:0/gpu:0"](W/Momentum, save/RestoreV2_66/_7)]]

Caused by op 'save/Assign_66', defined at:
  File "train.py", line 101, in <module>
    train(train_dir='../train_data/train_data', val_dir='../train_data/test_train_data_small', train_text_dir='../train_data/train_words_gt.txt',val_text_dir='../train_data/val_words_gt.txt')
  File "train.py", line 34, in train
    saver = tf.train.Saver(tf.global_variables(),max_to_keep=3)
  File "/home/sjhbxs/anaconda3/lib/python3.6/site-packages/tensorflow/python/training/saver.py", line 1139, in __init__
    self.build()
  File "/home/sjhbxs/anaconda3/lib/python3.6/site-packages/tensorflow/python/training/saver.py", line 1170, in build
    restore_sequentially=self._restore_sequentially)
  File "/home/sjhbxs/anaconda3/lib/python3.6/site-packages/tensorflow/python/training/saver.py", line 691, in build
    restore_sequentially, reshape)
  File "/home/sjhbxs/anaconda3/lib/python3.6/site-packages/tensorflow/python/training/saver.py", line 419, in _AddRestoreOps
    assign_ops.append(saveable.restore(tensors, shapes))
  File "/home/sjhbxs/anaconda3/lib/python3.6/site-packages/tensorflow/python/training/saver.py", line 155, in restore
    self.op.get_shape().is_fully_defined())
  File "/home/sjhbxs/anaconda3/lib/python3.6/site-packages/tensorflow/python/ops/state_ops.py", line 271, in assign
    validate_shape=validate_shape)
  File "/home/sjhbxs/anaconda3/lib/python3.6/site-packages/tensorflow/python/ops/gen_state_ops.py", line 45, in assign
    use_locking=use_locking, name=name)
  File "/home/sjhbxs/anaconda3/lib/python3.6/site-packages/tensorflow/python/framework/op_def_library.py", line 767, in apply_op
    op_def=op_def)
  File "/home/sjhbxs/anaconda3/lib/python3.6/site-packages/tensorflow/python/framework/ops.py", line 2506, in create_op
    original_op=self._default_original_op, op_def=op_def)
  File "/home/sjhbxs/anaconda3/lib/python3.6/site-packages/tensorflow/python/framework/ops.py", line 1269, in __init__
    self._traceback = _extract_stack()

InvalidArgumentError (see above for traceback): Assign requires shapes of both tensors to match. lhs shape= [512,102] rhs shape= [512,64]
	 [[Node: save/Assign_66 = Assign[T=DT_FLOAT, _class=["loc:@W"], use_locking=true, validate_shape=true, _device="/job:localhost/replica:0/task:0/gpu:0"](W/Momentum, save/RestoreV2_66/_7)]]

